TN:
SF:C:\Users\duan_\Desktop\angularjs-template-master\app\js\app\Services\calucatorService.js
FN:1,(anonymous_1)
FN:10,calculatorService
FN:19,MonthlyPaySlip
FN:28,calcGrossIncome
FN:32,calcIncomeTax
FN:42,(anonymous_6)
FNF:6
FNH:6
FNDA:1,(anonymous_1)
FNDA:1,calculatorService
FNDA:7,MonthlyPaySlip
FNDA:21,calcGrossIncome
FNDA:14,calcIncomeTax
FNDA:11,(anonymous_6)
DA:1,1
DA:4,1
DA:8,1
DA:10,1
DA:11,1
DA:19,1
DA:20,7
DA:21,7
DA:22,7
DA:23,7
DA:24,7
DA:25,7
DA:28,1
DA:29,21
DA:32,1
DA:33,14
DA:34,44
DA:35,44
DA:36,14
DA:42,1
DA:43,11
DA:44,11
DA:45,8
DA:46,7
DA:55,7
DA:58,3
DA:61,4
DA:63,7
LF:28
LH:28
BRDA:35,1,0,14
BRDA:35,1,1,30
BRDA:35,2,0,44
BRDA:35,2,1,44
BRDA:47,3,0,2
BRDA:47,3,1,5
BRDA:47,4,0,7
BRDA:47,4,1,6
BRDA:55,5,0,3
BRDA:55,5,1,4
BRDA:55,6,0,7
BRDA:55,6,1,5
BRDA:55,6,2,4
BRDA:55,6,3,4
BRDA:55,6,4,4
BRDA:55,6,5,4
BRF:16
BRH:16
end_of_record
TN:
SF:C:\Users\duan_\Desktop\angularjs-template-master\app\js\app\Services\dataValidationService.js
FN:1,(anonymous_1)
FN:10,dataValidationService
FN:19,(anonymous_3)
FN:32,(anonymous_4)
FN:33,(anonymous_5)
FN:42,(anonymous_6)
FNF:6
FNH:6
FNDA:1,(anonymous_1)
FNDA:1,dataValidationService
FNDA:50,(anonymous_3)
FNDA:50,(anonymous_4)
FNDA:250,(anonymous_5)
FNDA:10,(anonymous_6)
DA:1,1
DA:4,1
DA:8,1
DA:10,1
DA:11,1
DA:19,1
DA:21,50
DA:22,27
DA:23,23
DA:24,9
DA:25,14
DA:26,8
DA:28,6
DA:32,1
DA:33,50
DA:34,250
DA:36,50
DA:37,0
DA:39,50
DA:42,1
DA:43,10
DA:44,10
DA:45,10
DA:46,50
DA:47,50
DA:48,0
DA:50,50
DA:51,50
DA:52,44
DA:54,6
DA:57,10
DA:58,4
DA:60,10
LF:33
LH:31
BRDA:21,1,0,27
BRDA:21,1,1,23
BRDA:21,2,0,50
BRDA:21,2,1,30
BRDA:23,3,0,9
BRDA:23,3,1,14
BRDA:23,4,0,23
BRDA:23,4,1,10
BRDA:23,4,2,10
BRDA:25,5,0,8
BRDA:25,5,1,6
BRDA:25,6,0,14
BRDA:25,6,1,10
BRDA:25,6,2,10
BRDA:25,6,3,9
BRDA:36,7,0,0
BRDA:36,7,1,50
BRDA:47,8,0,0
BRDA:47,8,1,50
BRDA:51,9,0,44
BRDA:51,9,1,6
BRDA:57,10,0,4
BRDA:57,10,1,6
BRF:23
BRH:21
end_of_record
TN:
SF:C:\Users\duan_\Desktop\angularjs-template-master\app\js\app\Services\employeeUploadService.js
FN:1,(anonymous_1)
FN:10,employeeUploadService
FN:20,(anonymous_3)
FN:61,basicValidation
FN:72,limitationValidation
FN:82,formatValidation
FN:85,(anonymous_7)
FNF:7
FNH:1
FNDA:1,(anonymous_1)
FNDA:0,employeeUploadService
FNDA:0,(anonymous_3)
FNDA:0,basicValidation
FNDA:0,limitationValidation
FNDA:0,formatValidation
FNDA:0,(anonymous_7)
DA:1,1
DA:4,1
DA:8,1
DA:10,1
DA:11,0
DA:20,0
DA:21,0
DA:22,0
DA:23,0
DA:29,0
DA:31,0
DA:32,0
DA:33,0
DA:39,0
DA:40,0
DA:41,0
DA:46,0
DA:50,0
DA:51,0
DA:52,0
DA:53,0
DA:55,0
DA:58,0
DA:61,1
DA:62,0
DA:63,0
DA:65,0
DA:66,0
DA:67,0
DA:69,0
DA:72,1
DA:73,0
DA:74,0
DA:76,0
DA:77,0
DA:79,0
DA:82,1
DA:83,0
DA:84,0
DA:85,0
DA:86,0
DA:88,0
DA:91,0
LF:43
LH:7
BRDA:22,1,0,0
BRDA:22,1,1,0
BRDA:32,2,0,0
BRDA:32,2,1,0
BRDA:40,3,0,0
BRDA:40,3,1,0
BRDA:52,4,0,0
BRDA:52,4,1,0
BRDA:62,5,0,0
BRDA:62,5,1,0
BRDA:66,6,0,0
BRDA:66,6,1,0
BRDA:73,7,0,0
BRDA:73,7,1,0
BRDA:76,8,0,0
BRDA:76,8,1,0
BRDA:85,9,0,0
BRDA:85,9,1,0
BRF:18
BRH:0
end_of_record
TN:
SF:C:\Users\duan_\Desktop\angularjs-template-master\app\js\app\Services\employeesService.js
FN:1,(anonymous_1)
FN:10,employeesService
FN:15,getEmployees
FN:20,getEmployeesComplete
FN:24,getEmployeesFailed
FNF:5
FNH:1
FNDA:1,(anonymous_1)
FNDA:0,employeesService
FNDA:0,getEmployees
FNDA:0,getEmployeesComplete
FNDA:0,getEmployeesFailed
DA:1,1
DA:4,1
DA:8,1
DA:10,1
DA:11,0
DA:15,1
DA:16,0
DA:20,1
DA:21,0
DA:24,1
DA:25,0
DA:26,0
DA:27,0
LF:13
LH:7
BRF:0
BRH:0
end_of_record
